pipewire
pipewire-alsa
pipewire-audio
pipewire-jack
pipewire-pulse
gst-plugin-pipewire
wireplumber
networkmanager
network-manager-applet
bluez
bluez-utils
blueman
sddm-git
qt5-wayland
qt6-wayland
qt5-quickcontrols
qt5-quickcontrols2
qt5-graphicaleffects
hyprland-git
dunst
rofi-lbonn-wayland-git
waybar
swww
swaylock-effects-git
wlogout
grimblast-git
hyprpicker-git
slurp
swappy
cliphist
polkit-kde-agent
xdg-desktop-portal-hyprland
pacman-contrib
python-pyamdgpuinfo
parallel
jq
imagemagick
qt5-imageformats
ffmpegthumbs
kde-cli-tools
brightnessctl
pavucontrol
pamixer
nwg-look
kvantum
qt5ct
firefox
kitty
dolphin
visual-studio-code-bin
vim
ark
zsh
eza
oh-my-zsh-git
zsh-theme-powerlevel10k-git
zsh-syntax-highlighting-git
zsh-autosuggestions-git
neovim
xdg-user-dirs


docker
pnpm
firefox-tridactyl
fcitx5 
fcitx5-qt 
fcitx5-gtk 
fcitx5-unikey 
kcm-fcitx5 
fcitx5-chinese-addons 
fcitx5-anthy
fcitx5-nord
tmuxp
lazygit
git-delta
unzip
ripgrep

